2024-10-10 23:06:33,568 - src.utils.logging - INFO - Transcription (interim):hi sand
2024-10-10 23:06:33,983 - src.utils.logging - INFO - Transcription (interim):hi sandy
2024-10-10 23:06:34,378 - src.utils.logging - INFO - Transcription (interim):hi sandy
2024-10-10 23:06:34,896 - src.utils.logging - INFO - Transcription (interim):hi sandy i am
2024-10-10 23:06:35,313 - src.utils.logging - INFO - Transcription (interim):hi sandy i am a freque
2024-10-10 23:06:35,755 - src.utils.logging - INFO - Transcription (interim):hi sandy i am a frequent travel
2024-10-10 23:06:36,141 - src.utils.logging - INFO - Transcription (interim):hi sandy i am a frequent traveler and
2024-10-10 23:06:36,550 - src.utils.logging - INFO - Transcription (interim):hi sandy i am a frequent traveler and what i
2024-10-10 23:06:37,061 - src.utils.logging - INFO - Transcription (interim):hi sandy i am a frequent traveler and what i'm looking
2024-10-10 23:06:37,463 - src.utils.logging - INFO - Transcription (interim):hi sandy i am a frequent traveler and what i'm looking for
2024-10-10 23:06:38,014 - src.utils.logging - INFO - Transcription (interim):hi sandy i am a frequent traveler and what i'm looking for
2024-10-10 23:06:38,598 - src.utils.logging - INFO - Transcription session closed.

2024-10-10 23:06:38,598 - src.utils.logging - INFO - 
Customer: Hi, Sandy. I am a frequent traveler and what I'm looking for.
2024-10-10 23:06:44,309 - src.utils.logging - INFO - Transcription (interim):be
2024-10-10 23:06:44,691 - src.utils.logging - INFO - Transcription (interim):be
2024-10-10 23:06:45,193 - src.utils.logging - INFO - Transcription session closed.

2024-10-10 23:06:45,194 - src.utils.logging - INFO - 
Customer: Be.
2024-10-10 23:07:38,640 - src.utils.logging - INFO - Transcription (interim):hi sandy
2024-10-10 23:07:39,158 - src.utils.logging - INFO - Transcription (interim):hi sandy my name
2024-10-10 23:07:39,518 - src.utils.logging - INFO - Transcription (interim):hi sandy my name is
2024-10-10 23:07:39,924 - src.utils.logging - INFO - Transcription (interim):hi sandy my name is peru
2024-10-10 23:07:40,429 - src.utils.logging - INFO - Transcription (interim):hi sandy my name is peru and
2024-10-10 23:07:40,831 - src.utils.logging - INFO - Transcription (interim):hi sandy my name is peru and i am
2024-10-10 23:07:41,278 - src.utils.logging - INFO - Transcription (interim):hi sandy my name is peru and i am a very
2024-10-10 23:07:41,702 - src.utils.logging - INFO - Transcription (interim):hi sandy my name is peru and i am a very frequent
2024-10-10 23:07:42,098 - src.utils.logging - INFO - Transcription (interim):hi sandy my name is peru and i am a very frequent travel
2024-10-10 23:07:42,610 - src.utils.logging - INFO - Transcription (interim):hi sandy my name is peru and i am a very frequent traveler
2024-10-10 23:07:42,973 - src.utils.logging - INFO - Transcription (interim):hi sandy my name is peru and i am a very frequent traveler
2024-10-10 23:07:43,498 - src.utils.logging - INFO - Transcription (interim):hi sandy my name is peru and i am a very frequent traveler i'm looking
2024-10-10 23:07:43,899 - src.utils.logging - INFO - Transcription (interim):hi sandy my name is peru and i am a very frequent traveler i'm looking for some
2024-10-10 23:07:44,304 - src.utils.logging - INFO - Transcription (interim):hi sandy my name is peru and i am a very frequent traveler i'm looking for some american
2024-10-10 23:07:44,797 - src.utils.logging - INFO - Transcription (interim):hi sandy my name is peru and i am a very frequent traveler i'm looking for some american express
2024-10-10 23:07:45,223 - src.utils.logging - INFO - Transcription (interim):hi sandy my name is peru and i am a very frequent traveler i'm looking for some american express card
2024-10-10 23:07:45,732 - src.utils.logging - INFO - Transcription (interim):hi sandy my name is peru and i am a very frequent traveler i'm looking for some american express cards that can
2024-10-10 23:07:46,107 - src.utils.logging - INFO - Transcription (interim):hi sandy my name is peru and i am a very frequent traveler i'm looking for some american express cards that can provide me
2024-10-10 23:07:46,519 - src.utils.logging - INFO - Transcription (interim):hi sandy my name is peru and i am a very frequent traveler i'm looking for some american express cards that can provide me
2024-10-10 23:07:47,011 - src.utils.logging - INFO - Transcription (interim):hi sandy my name is peru and i am a very frequent traveler i'm looking for some american express cards that can provide me a good way
2024-10-10 23:07:47,389 - src.utils.logging - INFO - Transcription (interim):hi sandy my name is peru and i am a very frequent traveler i'm looking for some american express cards that can provide me a good way of
2024-10-10 23:07:47,887 - src.utils.logging - INFO - Transcription (interim):hi sandy my name is peru and i am a very frequent traveler i'm looking for some american express cards that can provide me a good way of
2024-10-10 23:07:48,357 - src.utils.logging - INFO - Transcription (interim):hi sandy my name is peru and i am a very frequent traveler i'm looking for some american express cards that can provide me a good way of
2024-10-10 23:07:48,831 - src.utils.logging - INFO - Transcription (interim):hi sandy my name is peru and i am a very frequent traveler i'm looking for some american express cards that can provide me a good way of using
2024-10-10 23:07:49,357 - src.utils.logging - INFO - Transcription (interim):hi sandy my name is peru and i am a very frequent traveler i'm looking for some american express cards that can provide me a good way of using my
2024-10-10 23:07:49,696 - src.utils.logging - INFO - Transcription (interim):hi sandy my name is peru and i am a very frequent traveler i'm looking for some american express cards that can provide me a good way of using my card when
2024-10-10 23:07:50,222 - src.utils.logging - INFO - Transcription (interim):hi sandy my name is peru and i am a very frequent traveler i'm looking for some american express cards that can provide me a good way of using my card when i'm travel
2024-10-10 23:07:50,848 - src.utils.logging - INFO - Transcription (interim):hi sandy my name is peru and i am a very frequent traveler i'm looking for some american express cards that can provide me a good way of using my card when i'm traveling
2024-10-10 23:07:51,030 - src.utils.logging - INFO - Transcription (interim):hi sandy my name is peru and i am a very frequent traveler i'm looking for some american express cards that can provide me a good way of using my card when i'm traveling
2024-10-10 23:07:51,440 - src.utils.logging - INFO - Transcription (interim):hi sandy my name is peru and i am a very frequent traveler i'm looking for some american express cards that can provide me a good way of using my card when i'm traveling
2024-10-10 23:07:51,920 - src.utils.logging - INFO - Transcription session closed.

2024-10-10 23:07:51,920 - src.utils.logging - INFO - 
Customer: Hi, Sandy. My name is Peru and I am a very frequent traveler. I'm looking for some american express cards that can provide me a good way of using my card when I'm traveling.
2024-10-10 23:08:01,333 - src.utils.logging - INFO - Transcription (interim):can you
2024-10-10 23:08:01,830 - src.utils.logging - INFO - Transcription (interim):can you tell me more
2024-10-10 23:08:02,339 - src.utils.logging - INFO - Transcription (interim):can you tell me more about
2024-10-10 23:08:02,814 - src.utils.logging - INFO - Transcription (interim):can you tell me more about
2024-10-10 23:08:03,340 - src.utils.logging - INFO - Transcription (interim):can you tell me more about
2024-10-10 23:08:03,676 - src.utils.logging - INFO - Transcription (interim):can you tell me more about the
2024-10-10 23:08:04,204 - src.utils.logging - INFO - Transcription (interim):can you tell me more about the delta
2024-10-10 23:08:04,558 - src.utils.logging - INFO - Transcription (interim):can you tell me more about the delta sky
2024-10-10 23:08:05,011 - src.utils.logging - INFO - Transcription (interim):can you tell me more about the delta sky my
2024-10-10 23:08:05,374 - src.utils.logging - INFO - Transcription (interim):can you tell me more about the delta sky my card
2024-10-10 23:08:05,745 - src.utils.logging - INFO - Transcription (interim):can you tell me more about the delta sky my card
2024-10-10 23:08:06,343 - src.utils.logging - INFO - Transcription session closed.

2024-10-10 23:08:06,343 - src.utils.logging - INFO - 
Customer: Can you tell me more about the Delta sky? My card.
2024-10-10 23:08:18,194 - src.utils.logging - INFO - Transcription (interim):what
2024-10-10 23:08:18,794 - src.utils.logging - INFO - Transcription (interim):what are the offering
2024-10-10 23:08:19,037 - src.utils.logging - INFO - Transcription (interim):what are the offering that
2024-10-10 23:08:19,407 - src.utils.logging - INFO - Transcription (interim):what are the offering that you have
2024-10-10 23:08:19,896 - src.utils.logging - INFO - Transcription (interim):what are the offering that you have on
2024-10-10 23:08:20,302 - src.utils.logging - INFO - Transcription (interim):what are the offering that you have on the welcome bonus
2024-10-10 23:08:20,674 - src.utils.logging - INFO - Transcription (interim):what are the offering that you have on the welcome bonus for
2024-10-10 23:08:21,171 - src.utils.logging - INFO - Transcription (interim):what are the offering that you have on the welcome bonus for this card
2024-10-10 23:08:21,602 - src.utils.logging - INFO - Transcription (interim):what are the offering that you have on the welcome bonus for this card
2024-10-10 23:08:22,073 - src.utils.logging - INFO - Transcription (interim):what are the offering that you have on the welcome bonus for this card
2024-10-10 23:08:22,586 - src.utils.logging - INFO - Transcription session closed.

2024-10-10 23:08:22,587 - src.utils.logging - INFO - 
Customer: What are the offering that you have on the welcome bonus for this card?
2024-10-10 23:08:36,237 - src.utils.logging - INFO - Transcription (interim):give me the
2024-10-10 23:08:36,641 - src.utils.logging - INFO - Transcription (interim):give me the api
2024-10-10 23:08:37,035 - src.utils.logging - INFO - Transcription (interim):give me the api rates for
2024-10-10 23:08:37,515 - src.utils.logging - INFO - Transcription (interim):give me the api rates for the
2024-10-10 23:08:37,944 - src.utils.logging - INFO - Transcription (interim):give me the api rates for the card
2024-10-10 23:08:38,438 - src.utils.logging - INFO - Transcription (interim):give me the api rates for the card
2024-10-10 23:08:38,893 - src.utils.logging - INFO - Transcription session closed.

2024-10-10 23:08:38,894 - src.utils.logging - INFO - 
Customer: Give me the API rates for the card.
